\BOOKMARK [1][-]{section.1}{\376\377\000S\000p\000a\000c\000e}{}% 1
\BOOKMARK [1][-]{section.2}{\376\377\0001\0003\000.\0001\000\040\000M\000a\000t\000h\000e\000m\000a\000t\000i\000a\000l\000\040\000s\000p\000a\000c\000e}{}% 2
\BOOKMARK [2][-]{subsection.2.1}{\376\377\0001\0003\000.\0001\000.\0004\000\040\000M\000a\000p\000s}{section.2}% 3
\BOOKMARK [2][-]{subsection.2.2}{\376\377\0001\0003\000.\0001\000.\0005\000\040\000E\000m\000b\000e\000d\000d\000i\000n\000g\000s}{section.2}% 4
\BOOKMARK [2][-]{subsection.2.3}{\376\377\0001\0003\000.\0001\000.\0006\000\040\000M\000u\000l\000t\000i\000d\000i\000m\000e\000n\000s\000i\000o\000n\000a\000l\000\040\000s\000c\000a\000l\000i\000n\000g}{section.2}% 5
\BOOKMARK [2][-]{subsection.2.4}{\376\377\0001\0003\000.\0001\000.\0007\000\040\000G\000e\000o\000d\000e\000s\000i\000c\000s}{section.2}% 6
\BOOKMARK [2][-]{subsection.2.5}{\376\377\0001\0003\000.\0001\000.\0008\000\040\000D\000i\000m\000e\000n\000s\000i\000o\000n\000s}{section.2}% 7
\BOOKMARK [2][-]{subsection.2.6}{\376\377\0001\0003\000.\0001\000.\0009\000\040\000C\000o\000n\000n\000e\000c\000t\000e\000d\000\040\000s\000p\000a\000c\000e\000s}{section.2}% 8
\BOOKMARK [2][-]{subsection.2.7}{\376\377\0001\0003\000.\0001\000.\0001\0000\000\040\000F\000r\000a\000c\000t\000a\000l\000s}{section.2}% 9
\BOOKMARK [2][-]{subsection.2.8}{\376\377\0001\0003\000.\0001\000.\0001\0002\000\040\000G\000r\000a\000p\000h\000-\000t\000h\000e\000o\000r\000e\000t\000i\000c\000\040\000s\000p\000a\000c\000e}{section.2}% 10
\BOOKMARK [1][-]{section.3}{\376\377\0001\0003\000.\0002\000\040\000P\000s\000y\000c\000h\000o\000l\000o\000g\000i\000c\000a\000l\000\040\000s\000p\000a\000c\000e}{}% 11
\BOOKMARK [2][-]{subsection.3.1}{\376\377\0001\0003\000.\0002\000.\0001\000\040\000S\000p\000a\000t\000i\000a\000l\000\040\000m\000o\000d\000e\000l\000s\000\040\000o\000f\000\040\000p\000r\000e\000-\000a\000t\000t\000e\000n\000t\000i\000v\000e\000\040\000c\000o\000g\000n\000i\000t\000i\000v\000e\000\040\000p\000r\000o\000c\000e\000s\000s\000e\000s}{section.3}% 12
\BOOKMARK [2][-]{subsection.3.2}{\376\377\0001\0003\000.\0002\000.\0002\000\040\000S\000p\000a\000t\000i\000a\000l\000\040\000m\000o\000d\000e\000l\000s\000\040\000o\000f\000\040\000c\000o\000g\000n\000i\000t\000i\000v\000e\000\040\000p\000r\000o\000c\000e\000s\000s\000e\000s}{section.3}% 13
\BOOKMARK [2][-]{subsection.3.3}{\376\377\0001\0003\000.\0002\000.\0003\000\040\000S\000p\000a\000t\000i\000a\000l\000\040\000c\000o\000g\000n\000i\000t\000i\000o\000n}{section.3}% 14
\BOOKMARK [1][-]{section.4}{\376\377\0001\0003\000.\0003\000\040\000G\000r\000a\000p\000h\000i\000n\000g\000\040\000s\000p\000a\000c\000e}{}% 15
\BOOKMARK [2][-]{subsection.4.1}{\376\377\0001\0003\000.\0003\000.\0001\000\040\000M\000a\000p\000p\000i\000n\000g\000\040\000c\000o\000n\000n\000e\000c\000t\000e\000d\000\040\000s\000p\000a\000c\000e\000\040\000t\000o\000\040\000E\000u\000c\000l\000i\000d\000e\000a\000n\000\040\000s\000p\000a\000c\000e}{section.4}% 16
\BOOKMARK [2][-]{subsection.4.2}{\376\377\0001\0003\000.\0003\000.\0001\000.\0002\000\040\000M\000a\000p\000p\000i\000n\000g\000\040\000a\000f\000f\000i\000n\000e\000\040\000s\000p\000a\000c\000e\000\040\000t\000o\000\040\000E\000u\000c\000l\000i\000d\000e\000a\000n\000\040\000s\000p\000a\000c\000e}{section.4}% 17
\BOOKMARK [2][-]{subsection.4.3}{\376\377\0001\0003\000.\0003\000.\0001\000.\0004\000\040\000S\000h\000a\000r\000i\000n\000g\000\040\000s\000p\000a\000c\000e}{section.4}% 18
\BOOKMARK [2][-]{subsection.4.4}{\376\377\0001\0003\000.\0003\000.\0001\000.\0005\000\040\000L\000a\000b\000e\000l\000\040\000l\000a\000y\000o\000u\000t\000s}{section.4}% 19
\BOOKMARK [2][-]{subsection.4.5}{\376\377\0001\0003\000.\0003\000.\0002\000\040\000M\000a\000p\000p\000i\000n\000g\000\040\000d\000i\000s\000c\000r\000e\000t\000e\000\040\000s\000p\000a\000c\000e\000\040\000t\000o\000\040\000E\000u\000c\000l\000i\000d\000e\000a\000n\000\040\000s\000p\000a\000c\000e}{section.4}% 20
\BOOKMARK [2][-]{subsection.4.6}{\376\377\0001\0003\000.\0003\000.\0003\000\040\000M\000a\000p\000p\000i\000n\000g\000\040\000g\000r\000a\000p\000h\000-\000t\000h\000e\000o\000r\000e\000t\000i\000c\000\040\000s\000p\000a\000c\000e\000\040\000t\000o\000\040\000E\000u\000c\000l\000i\000d\000e\000a\000n\000\040\000s\000p\000a\000c\000e}{section.4}% 21
\BOOKMARK [2][-]{subsection.4.7}{\376\377\0001\0003\000.\0003\000.\0004\000\040\000M\000a\000p\000p\000i\000n\000g\000\040\000n\000e\000s\000t\000e\000d\000\040\000s\000p\000a\000c\000e\000\040\000t\000o\000\040\000E\000u\000c\000l\000i\000d\000e\000a\000n\000\040\000s\000p\000a\000c\000e}{section.4}% 22
\BOOKMARK [1][-]{section.5}{\376\377\000C\000o\000n\000c\000l\000u\000s\000i\000o\000n}{}% 23
